Migration Log - Mon Jul  7 06:57:16 +03 2025
====================


[1;33mRunning step: Prepare Cloud Supabase[0m
🚀 Preparing Cloud Supabase Environment...
Linking to cloud project...
Usage:
  supabase link [flags]

Flags:
  -h, --help                 help for link
  -p, --password string      Password to your remote Postgres database.
      --project-ref string   Project ref of the Supabase project.

Global Flags:
      --create-ticket                                  create a support ticket for any CLI error
      --debug                                          output debug logs to stderr
      --dns-resolver [ native | https ]                lookup domain names using the specified resolver (default native)
      --experimental                                   enable experimental features
      --network-id string                              use the specified docker network instead of a generated one
  -o, --output [ env | pretty | json | toml | yaml ]   output format of status variables (default pretty)
      --workdir string                                 path to a Supabase project directory
      --yes                                            answer yes to all prompts

unknown flag: --access-token
Try rerunning the command with --debug to troubleshoot the error.
[0;31m❌ Prepare Cloud Supabase failed[0m
